mode: atomic
github.com/topfreegames/kubecos/kubecos-controller/models/helpers.go:25.30,26.30 1 3
github.com/topfreegames/kubecos/kubecos-controller/models/helpers.go:29.2,33.20 2 3
github.com/topfreegames/kubecos/kubecos-controller/models/helpers.go:36.2,37.16 2 3
github.com/topfreegames/kubecos/kubecos-controller/models/helpers.go:41.2,56.42 7 3
github.com/topfreegames/kubecos/kubecos-controller/models/helpers.go:26.30,28.3 1 1
github.com/topfreegames/kubecos/kubecos-controller/models/helpers.go:33.20,35.3 1 1
github.com/topfreegames/kubecos/kubecos-controller/models/helpers.go:37.16,39.3 1 0
github.com/topfreegames/kubecos/kubecos-controller/models/helpers.go:60.58,68.21 5 3
github.com/topfreegames/kubecos/kubecos-controller/models/helpers.go:77.2,77.46 1 1
github.com/topfreegames/kubecos/kubecos-controller/models/helpers.go:68.21,69.34 1 4
github.com/topfreegames/kubecos/kubecos-controller/models/helpers.go:73.3,74.13 2 2
github.com/topfreegames/kubecos/kubecos-controller/models/helpers.go:69.34,70.12 1 2
